<?xml version="1.0" encoding="UTF-8"?>
<!-- Generated by org.testng.reporters.JUnitReportReporter -->
<testsuite hostname="LAPTOP-3MCFK2HC" failures="0" tests="3" name="com_VE3_Test.Task" time="92.040" errors="0" timestamp="2023-09-29T10:53:52 IST" skipped="0">
  <testcase classname="com_VE3_Test.Task" name="Newsletterform" time="24.593"/>
  <system-out/>
  <testcase classname="com_VE3_Test.Task" name="submit" time="30.081"/>
  <system-out/>
  <testcase classname="com_VE3_Test.Task" name="Findallelements" time="37.366"/>
  <system-out/>
</testsuite> <!-- com_VE3_Test.Task -->
